
[2018-03-06 19:47:53.008] UART init ok
[2018-03-06 19:47:53.008] fce = 0, ID = 98 3C 98 B3 76 F2 08 0E
[2018-03-06 19:47:53.023] fce = 1, ID = 98 3C 98 B3 76 F2 08 0E
[2018-03-06 19:47:53.023] fce = 2, ID = 98 3C 98 B3 76 F2 08 0E
[2018-03-06 19:47:53.023] fce = 3, ID = 98 3C 98 B3 76 F2 08 0E
[2018-03-06 19:47:53.023] fce = 4, ID = 98 3C 98 B3 76 F2 08 0E
[2018-03-06 19:47:53.023] fce = 5, ID = 98 3C 98 B3 76 F2 08 0E
[2018-03-06 19:47:53.039] fce = 6, ID = 98 3C 98 B3 76 F2 08 0E
[2018-03-06 19:47:53.039] fce = 7, ID = 98 3C 98 B3 76 F2 08 0E
[2018-03-06 19:47:53.039] fce = 8, ID = 98 3C 98 B3 76 F2 08 0E
[2018-03-06 19:47:53.039] fce = 9, ID = 98 3C 98 B3 76 F2 08 0E
[2018-03-06 19:47:53.055] fce = 10, ID = 98 3C 98 B3 76 F2 08 0E
[2018-03-06 19:47:53.055] fce = 11, ID = 98 3C 98 B3 76 F2 08 0E
[2018-03-06 19:47:53.055] fce = 12, ID = 98 3C 98 B3 76 F2 08 0E
[2018-03-06 19:47:53.063] fce = 13, ID = 98 3C 98 B3 76 F2 08 0E
[2018-03-06 19:47:53.064] fce = 14, ID = 98 3C 98 B3 76 F2 08 0E
[2018-03-06 19:47:53.064] fce = 15, ID = 98 3C 98 B3 76 F2 08 0E
[2018-03-06 19:47:53.064] DBUF_ZONE2_START_OFF 0x00000000
[2018-03-06 19:47:53.064] L4K_DBUF_OFF         0x00000000
[2018-03-06 19:47:53.064] DUMP_IBF_OFF         0x00080000
[2018-03-06 19:47:53.080] RAND_CLK_BIT_MAP_OFF 0x00085000
[2018-03-06 19:47:53.080] DBUF_ZIP_TEST_OFF    0x00085200
[2018-03-06 19:47:53.080] DUMMY_RSV_OFF        0x00086400
[2018-03-06 19:47:53.093] DBUF_ZONE2_END_OFF   0x001be400
[2018-03-06 19:47:53.095] ip_test_rs_encode_test_dbuf_tlc Start
[2018-03-06 19:47:53.099] test_loop=0
[2018-03-06 19:47:53.099] random seed = 0x718021CB
[2018-03-06 19:47:53.102] ecc mode=512
[2018-03-06 19:47:53.102] ==========  data  ==========
[2018-03-06 19:47:53.104] RS_DATA_BASE_OFF          = 0x0000000022080000
[2018-03-06 19:47:53.111] READ_DATA_PARITY_OFF      = 0x0000000022174000
[2018-03-06 19:47:53.113] READ_RS_GOLDEN_DATA_OFF   = 0x0000000022178000
[2018-03-06 19:47:53.119] RS_COR_DATA_OFF           = 0x000000002217C000
[2018-03-06 19:47:53.122] RS_DEC_DATA_OFF           = 0x0000000022180000
[2018-03-06 19:47:53.128] RS_FPU_COR_DATA_OFF       = 0x00000000221A8000
[2018-03-06 19:47:53.129] ========== spare  ==========
[2018-03-06 19:47:53.132] RS_DRAMLESS_SPARE_BASE_OFF= 0x00000000221AD000
[2018-03-06 19:47:53.137] RS_SPARE_BASE_OFF         = 0x00000000221AD000
[2018-03-06 19:47:53.141] READ_SPARE_PARITY_OFF     = 0x00000000221AE000
[2018-03-06 19:47:53.150] READ_RS_GOLDEN_SPARE_OFF  = 0x00000000221AF000
[2018-03-06 19:47:53.153] RS_COR_SPARE_OFF          = 0x00000000221B0000
[2018-03-06 19:47:53.154] RS_DEC_SPARE_OFF          = 0x00000000221B1000
[2018-03-06 19:47:53.182] ========== pattern  ==========
[2018-03-06 19:47:53.182] DATA_PATTERN_OFF          = 0x00000000221B2000
[2018-03-06 19:47:53.182] SPARE_PATTERN_OFF         = 0x00000000221B2000
[2018-03-06 19:47:53.182] RS_TAG_STRUCT_OFF         = 0x00000000221B2000
[2018-03-06 19:47:53.186] ============ BPT  ============
[2018-03-06 19:47:53.186] TMP_RS_BPT0_OFF           = 0x00000000221B6000
[2018-03-06 19:47:53.186] TMP_RS_BPT1_OFF           = 0x00000000221B7000
[2018-03-06 19:47:53.192] RS_XOR_GOLDEN_DATA_OFF    = 0x00000000221B8000
[2018-03-06 19:47:53.208] RS_XOR_GOLDEN_SPR_OFF     = 0x00000000221BC000
[2018-03-06 19:47:53.208] RS_RES_END_OFF            = 0x00000000221BD000
[2018-03-06 19:47:53.208] full ram RANDOM pattern
[2018-03-06 19:47:53.248] full ram RANDOM pattern end
[2018-03-06 19:48:08.841] pattern start from 0x00000000221B2000
[2018-03-06 19:48:08.857] 
[2018-03-06 19:48:08.857] pattern length     0x0000000000004000
[2018-03-06 19:48:08.857] 
[2018-03-06 19:48:08.857] max_test_ce_cnt     = 1
[2018-03-06 19:48:08.878] ecc_format_idx      = 1
[2018-03-06 19:48:08.880] sec_cnt             = 8
[2018-03-06 19:48:08.880] 
[2018-03-06 19:48:08.880] tag_cnt             = 1
[2018-03-06 19:48:08.880] page_per_tag        = 3
[2018-03-06 19:48:08.880] parity_cnt          = 1
[2018-03-06 19:48:08.880] prog_page_cnt       = 12
[2018-03-06 19:48:08.880] select bpt          = 0
[2018-03-06 19:48:08.880] pre-save en         = 1
[2018-03-06 19:48:08.896] ERASURE mode
[2018-03-06 19:48:08.896] tag order: 0, 
[2018-03-06 19:48:08.896] tag = 0, DATA = 0x0000000022080000, SPARE = 0x00000000221AD000
[2018-03-06 19:48:08.896] using the tlc_prog bit
[2018-03-06 19:48:08.896]  page_idx=0
[2018-03-06 19:48:08.896] normal encode
[2018-03-06 19:48:08.896]  page_idx=1
[2018-03-06 19:48:08.896] normal encode
[2018-03-06 19:48:08.896]  page_idx=2
[2018-03-06 19:48:08.896] normal encode
[2018-03-06 19:48:08.912]  page_idx=3
[2018-03-06 19:48:08.912] normal encode
[2018-03-06 19:48:08.912]  page_idx=4
[2018-03-06 19:48:08.912] normal encode
[2018-03-06 19:48:08.912]  page_idx=5
[2018-03-06 19:48:08.912] normal encode
[2018-03-06 19:48:08.912]  page_idx=6
[2018-03-06 19:48:08.912] normal encode
[2018-03-06 19:48:08.912]  page_idx=7
[2018-03-06 19:48:08.912] normal encode
[2018-03-06 19:48:08.928]  page_idx=8
[2018-03-06 19:48:08.928] normal encode
[2018-03-06 19:48:08.928] last
[2018-03-06 19:48:08.928]  page_idx=9
[2018-03-06 19:48:08.928] program parity
[2018-03-06 19:48:08.928]  page_idx=10
[2018-03-06 19:48:08.928] program parity
[2018-03-06 19:48:08.928]  page_idx=11
[2018-03-06 19:48:08.928] program parity
[2018-03-06 19:48:17.540] 
[2018-03-06 19:48:17.540] test_loop=1
[2018-03-06 19:48:17.540] random seed = 0x7C6358F0
[2018-03-06 19:48:17.563] ecc mode=3072
[2018-03-06 19:48:17.563] ==========  data  ==========
[2018-03-06 19:48:17.564] RS_DATA_BASE_OFF          = 0x0000000022080000
[2018-03-06 19:48:17.579] READ_DATA_PARITY_OFF      = 0x0000000022174000
[2018-03-06 19:48:17.579] READ_RS_GOLDEN_DATA_OFF   = 0x0000000022178000
[2018-03-06 19:48:17.579] RS_COR_DATA_OFF           = 0x000000002217C000
[2018-03-06 19:48:17.579] RS_DEC_DATA_OFF           = 0x0000000022180000
[2018-03-06 19:48:17.579] RS_FPU_COR_DATA_OFF       = 0x00000000221A8000
[2018-03-06 19:48:17.579] ========== spare  ==========
[2018-03-06 19:48:17.598] RS_DRAMLESS_SPARE_BASE_OFF= 0x00000000221AD000
[2018-03-06 19:48:17.616] RS_SPARE_BASE_OFF         = 0x00000000221AD000
[2018-03-06 19:48:17.616] READ_SPARE_PARITY_OFF     = 0x00000000221AE000
[2018-03-06 19:48:17.616] READ_RS_GOLDEN_SPARE_OFF  = 0x00000000221AF000
[2018-03-06 19:48:17.616] RS_COR_SPARE_OFF          = 0x00000000221B0000
[2018-03-06 19:48:17.616] RS_DEC_SPARE_OFF          = 0x00000000221B1000
[2018-03-06 19:48:17.616] ========== pattern  ==========
[2018-03-06 19:48:17.616] DATA_PATTERN_OFF          = 0x00000000221B2000
[2018-03-06 19:48:17.631] SPARE_PATTERN_OFF         = 0x00000000221B2000
[2018-03-06 19:48:17.647] RS_TAG_STRUCT_OFF         = 0x00000000221B2000
[2018-03-06 19:48:17.647] ============ BPT  ============
[2018-03-06 19:48:17.647] TMP_RS_BPT0_OFF           = 0x00000000221B6000
[2018-03-06 19:48:17.647] TMP_RS_BPT1_OFF           = 0x00000000221B7000
[2018-03-06 19:48:17.647] RS_XOR_GOLDEN_DATA_OFF    = 0x00000000221B8000
[2018-03-06 19:48:17.647] RS_XOR_GOLDEN_SPR_OFF     = 0x00000000221BC000
[2018-03-06 19:48:17.647] RS_RES_END_OFF            = 0x00000000221BD000
[2018-03-06 19:48:17.647] full ram RANDOM pattern
[2018-03-06 19:48:17.694] full ram RANDOM pattern end
[2018-03-06 19:48:57.835] ID = 8, unhandled irq group!
